<?xml version="1.0" encoding="UTF-8"?>
<testsuite name="Tests" tests="2" skipped="0" failures="0" errors="0" timestamp="2021-03-31T21:02:18" hostname="1099L-BBOSS" time="11.007">
  <properties/>
  <testcase name="testWebPageEditor" classname="Tests" time="11.006"/>
  <testcase name="testWebPage" classname="Tests" time="0.001"/>
  <system-out><![CDATA[Saved
WebPageEditor@3184ab0a
]]></system-out>
  <system-err><![CDATA[Exception in thread "Thread-3" java.util.NoSuchElementException: No line found
	at java.base/java.util.Scanner.nextLine(Scanner.java:1554)
	at WebPageEditor.start(WebPageEditor.java:39)
	at Tests.lambda$testWebPageEditor$0(Tests.java:33)
	at java.base/java.lang.Thread.run(Thread.java:844)
]]></system-err>
</testsuite>
