<?xml version="1.0" encoding="UTF-8"?>
<testsuite name="Tests" tests="1" skipped="0" failures="0" errors="0" timestamp="2021-03-31T19:01:29" hostname="1099L-BBOSS" time="0.918">
  <properties/>
  <testcase name="testExecutors" classname="Tests" time="0.918"/>
  <system-out><![CDATA[Charging
Charging
Charging
Charging
Charging
Charging
Charging
]]></system-out>
  <system-err><![CDATA[]]></system-err>
</testsuite>
